Trial 42 finished with value: 92.94000244140625 and parameters: {'lr': 0.0002009469424840212, 'n_out_sec_lasts': 242, 'dropout_p': 0.33178958024605887, 'batch_size': 302}. Best is trial 32 with value: 93.02999877929688.
8.434290740482089e-05
-----------------------PRUNING-----------------------
[I 2021-06-19 20:47:24,306] Trial 43 pruned.
Trial 43 pruned.
0.0001742874172360033
Iteration: 0, Loss: 2.3603932857513428, Accuracy: 34.95000076293945%
Iteration: 339, Loss: 0.137669637799263, Accuracy: 92.1500015258789%
Accuracy of T-shirt/Top: 87.70%
Accuracy of Trouser: 98.90%
Accuracy of Pullover: 93.80%
Accuracy of Dress: 92.50%
Accuracy of Coat: 67.30%
Accuracy of Sandal: 99.60%
Accuracy of Shirt: 86.50%
Accuracy of Sneaker: 94.90%
Accuracy of Bag: 98.30%
Accuracy of Ankle Boot: 95.90%
[I 2021-06-19 20:51:02,350] Trial 44 finished with value: 92.1500015258789 and parameters: {'lr': 0.0001742874172360033, 'n_out_sec_lasts': 202, 'dropout_p': 0.30351606861858704, 'batch_size': 298}. Best is trial 32 with value: 93.02999877929688.
Trial 44 finished with value: 92.1500015258789 and parameters: {'lr': 0.0001742874172360033, 'n_out_sec_lasts': 202, 'dropout_p': 0.30351606861858704, 'batch_size': 298}. Best is trial 32 with value: 93.02999877929688.
0.00016778804251207292
Iteration: 0, Loss: 2.3239033222198486, Accuracy: 33.88999938964844%
Iteration: 329, Loss: 0.1499354988336563, Accuracy: 92.16000366210938%
Accuracy of T-shirt/Top: 90.40%
Accuracy of Trouser: 99.30%
Accuracy of Pullover: 92.30%
Accuracy of Dress: 89.20%
Accuracy of Coat: 79.20%
Accuracy of Sandal: 99.40%
Accuracy of Shirt: 84.30%
Accuracy of Sneaker: 95.60%
Accuracy of Bag: 98.20%
Accuracy of Ankle Boot: 97.00%
[I 2021-06-19 20:54:45,096] Trial 45 finished with value: 92.16000366210938 and parameters: {'lr': 0.00016778804251207292, 'n_out_sec_lasts': 169, 'dropout_p': 0.29829119666838355, 'batch_size': 304}. Best is trial 32 with value: 93.02999877929688.
Trial 45 finished with value: 92.16000366210938 and parameters: {'lr': 0.00016778804251207292, 'n_out_sec_lasts': 169, 'dropout_p': 0.29829119666838355, 'batch_size': 304}. Best is trial 32 with value: 93.02999877929688.
0.0008723905188984782
-----------------------PRUNING-----------------------
[I 2021-06-19 20:54:52,673] Trial 46 pruned.
Trial 46 pruned.
2.9039831961643126e-05
-----------------------PRUNING-----------------------
[I 2021-06-19 20:55:00,182] Trial 47 pruned.
Trial 47 pruned.
7.874704775509293e-05
-----------------------PRUNING-----------------------
[I 2021-06-19 20:55:08,125] Trial 48 pruned.
Trial 48 pruned.
0.00014359776068213772
-----------------------PRUNING-----------------------
[I 2021-06-19 20:55:15,675] Trial 49 pruned.
Trial 49 pruned.
0.0009173712122653235
-----------------------PRUNING-----------------------
[I 2021-06-19 20:55:23,281] Trial 50 pruned.
Trial 50 pruned.
0.00014457934833716511
-----------------------PRUNING-----------------------
[I 2021-06-19 20:55:30,914] Trial 51 pruned.
Trial 51 pruned.
0.00020596834849266997
Iteration: 0, Loss: 2.3386478424072266, Accuracy: 30.739999771118164%
Iteration: 409, Loss: 0.10133901983499527, Accuracy: 93.62999725341797%
Accuracy of T-shirt/Top: 94.10%
Accuracy of Trouser: 99.30%
Accuracy of Pullover: 90.10%
Accuracy of Dress: 85.40%
Accuracy of Coat: 98.60%
Accuracy of Sandal: 99.70%
Accuracy of Shirt: 65.30%
Accuracy of Sneaker: 97.60%
Accuracy of Bag: 97.90%
Accuracy of Ankle Boot: 98.20%
[I 2021-06-19 20:59:20,973] Trial 52 finished with value: 93.62999725341797 and parameters: {'lr': 0.00020596834849266997, 'n_out_sec_lasts': 192, 'dropout_p': 0.2055786239054888, 'batch_size': 246}. Best is trial 52 with value: 93.62999725341797.
Trial 52 finished with value: 93.62999725341797 and parameters: {'lr': 0.00020596834849266997, 'n_out_sec_lasts': 192, 'dropout_p': 0.2055786239054888, 'batch_size': 246}. Best is trial 52 with value: 93.62999725341797.
0.0006213469282514384
-----------------------PRUNING-----------------------
[I 2021-06-19 20:59:28,791] Trial 53 pruned.
Trial 53 pruned.
7.281138468500433e-05
-----------------------PRUNING-----------------------
[I 2021-06-19 20:59:36,129] Trial 54 pruned.
Trial 54 pruned.
1.0298663194100513e-05
-----------------------PRUNING-----------------------
[I 2021-06-19 20:59:43,658] Trial 55 pruned.
Trial 55 pruned.
0.0002107145267876025
-----------------------PRUNING-----------------------
[I 2021-06-19 20:59:51,222] Trial 56 pruned.
Trial 56 pruned.
3.9633279848141735e-05
-----------------------PRUNING-----------------------
[I 2021-06-19 20:59:58,754] Trial 57 pruned.
Trial 57 pruned.
0.0016609907260988026
Iteration: 0, Loss: 2.3167080879211426, Accuracy: 33.939998626708984%
-----------------------PRUNING-----------------------
[I 2021-06-19 21:00:29,760] Trial 58 pruned.
Trial 58 pruned.
0.9375525984482178
-----------------------PRUNING-----------------------
[I 2021-06-19 21:00:36,961] Trial 59 pruned.
Trial 59 pruned.




------------------------------------------------------------------------------------------------------------------------------------------------------------------------------------------------------------
(base) C:\Users\thord\OneDrive\DTU\Spring 2021\Machine Learning Operations\dtu_mlops-main\09_crossvalidation_at_scale>python fashion_trainer.py
Using median pruning
[I 2021-06-19 14:56:37,513] A new study created in memory with name: no-name-3b9cbe7b-8dc0-4253-9c7c-cf8fb5f05da9
A new study created in memory with name: no-name-3b9cbe7b-8dc0-4253-9c7c-cf8fb5f05da9
0.010251092889678789
Iteration: 0, Loss: 2.3775179386138916, Accuracy: 19.6200008392334%
Iteration: 219, Loss: 0.23230810463428497, Accuracy: 80.37999725341797%
Accuracy of T-shirt/Top: 75.60%
Accuracy of Trouser: 97.80%
Accuracy of Pullover: 52.00%
Accuracy of Dress: 85.30%
Accuracy of Coat: 76.70%
Accuracy of Sandal: 95.40%
Accuracy of Shirt: 47.10%
Accuracy of Sneaker: 87.60%
Accuracy of Bag: 96.50%
Accuracy of Ankle Boot: 94.70%
[I 2021-06-19 15:00:10,572] Trial 0 finished with value: 80.37999725341797 and parameters: {'lr': 0.010251092889678789, 'n_out_sec_lasts': 164, 'dropout_p': 0.7960449448576976, 'batch_size': 475}. Best is trial 0 with value: 80.37999725341797.
Trial 0 finished with value: 80.37999725341797 and parameters: {'lr': 0.010251092889678789, 'n_out_sec_lasts': 164, 'dropout_p': 0.7960449448576976, 'batch_size': 475}. Best is trial 0 with value: 80.37999725341797.
0.011116056652617803
Iteration: 0, Loss: 2.3226430416107178, Accuracy: 18.75%
Iteration: 339, Loss: 0.34571704268455505, Accuracy: 83.20999908447266%
Accuracy of T-shirt/Top: 79.90%
Accuracy of Trouser: 97.80%
Accuracy of Pullover: 84.60%
Accuracy of Dress: 90.20%
Accuracy of Coat: 68.80%
Accuracy of Sandal: 98.60%
Accuracy of Shirt: 53.70%
Accuracy of Sneaker: 86.00%
Accuracy of Bag: 93.80%
Accuracy of Ankle Boot: 95.10%
[I 2021-06-19 15:04:04,935] Trial 1 finished with value: 83.20999908447266 and parameters: {'lr': 0.011116056652617803, 'n_out_sec_lasts': 330, 'dropout_p': 0.3004224412651018, 'batch_size': 299}. Best is trial 1 with value: 83.20999908447266.
Trial 1 finished with value: 83.20999908447266 and parameters: {'lr': 0.011116056652617803, 'n_out_sec_lasts': 330, 'dropout_p': 0.3004224412651018, 'batch_size': 299}. Best is trial 1 with value: 83.20999908447266.
0.002411686942599606
Iteration: 0, Loss: 2.318065643310547, Accuracy: 41.31999969482422%
Iteration: 249, Loss: 0.13062745332717896, Accuracy: 87.66999816894531%
Accuracy of T-shirt/Top: 78.40%
Accuracy of Trouser: 98.40%
Accuracy of Pullover: 90.80%
Accuracy of Dress: 93.20%
Accuracy of Coat: 60.20%
Accuracy of Sandal: 99.20%
Accuracy of Shirt: 82.90%
Accuracy of Sneaker: 85.80%
Accuracy of Bag: 96.70%
Accuracy of Ankle Boot: 97.90%
[I 2021-06-19 15:07:25,868] Trial 2 finished with value: 87.66999816894531 and parameters: {'lr': 0.002411686942599606, 'n_out_sec_lasts': 173, 'dropout_p': 0.508402990823329, 'batch_size': 412}. Best is trial 2 with value: 87.66999816894531.
Trial 2 finished with value: 87.66999816894531 and parameters: {'lr': 0.002411686942599606, 'n_out_sec_lasts': 173, 'dropout_p': 0.508402990823329, 'batch_size': 412}. Best is trial 2 with value: 87.66999816894531.
0.00013783907061624569
Iteration: 0, Loss: 2.383491277694702, Accuracy: 24.8799991607666%
Iteration: 269, Loss: 0.01949620246887207, Accuracy: 89.33999633789062%
Accuracy of T-shirt/Top: 86.20%
Accuracy of Trouser: 97.60%
Accuracy of Pullover: 76.90%
Accuracy of Dress: 89.50%
Accuracy of Coat: 82.40%
Accuracy of Sandal: 95.60%
Accuracy of Shirt: 79.70%
Accuracy of Sneaker: 97.30%
Accuracy of Bag: 97.40%
Accuracy of Ankle Boot: 94.50%
[I 2021-06-19 15:10:47,470] Trial 3 finished with value: 89.33999633789062 and parameters: {'lr': 0.00013783907061624569, 'n_out_sec_lasts': 133, 'dropout_p': 0.4973093982188568, 'batch_size': 384}. Best is trial 3 with value: 89.33999633789062.
Trial 3 finished with value: 89.33999633789062 and parameters: {'lr': 0.00013783907061624569, 'n_out_sec_lasts': 133, 'dropout_p': 0.4973093982188568, 'batch_size': 384}. Best is trial 3 with value: 89.33999633789062.
0.0007446469500742184
Iteration: 0, Loss: 2.366933822631836, Accuracy: 37.619998931884766%
Iteration: 209, Loss: 0.1999160796403885, Accuracy: 92.25%
Accuracy of T-shirt/Top: 81.20%
Accuracy of Trouser: 99.40%
Accuracy of Pullover: 86.20%
Accuracy of Dress: 77.50%
Accuracy of Coat: 79.20%
Accuracy of Sandal: 98.20%
Accuracy of Shirt: 92.30%
Accuracy of Sneaker: 97.40%
Accuracy of Bag: 98.60%
Accuracy of Ankle Boot: 97.80%
[I 2021-06-19 15:13:59,638] Trial 4 finished with value: 92.25 and parameters: {'lr': 0.0007446469500742184, 'n_out_sec_lasts': 426, 'dropout_p': 0.5002589172464895, 'batch_size': 483}. Best is trial 4 with value: 92.25.
Trial 4 finished with value: 92.25 and parameters: {'lr': 0.0007446469500742184, 'n_out_sec_lasts': 426, 'dropout_p': 0.5002589172464895, 'batch_size': 483}. Best is trial 4 with value: 92.25.
2.0915076911120797e-06
-----------------------PRUNING-----------------------
[I 2021-06-19 15:14:06,616] Trial 5 pruned.
Trial 5 pruned.
0.00011650467614934419
-----------------------PRUNING-----------------------
[I 2021-06-19 15:14:13,993] Trial 6 pruned.
Trial 6 pruned.
3.836513776342018e-06
-----------------------PRUNING-----------------------
[I 2021-06-19 15:14:20,902] Trial 7 pruned.
Trial 7 pruned.
1.4227520662971182e-05
-----------------------PRUNING-----------------------
[I 2021-06-19 15:14:28,170] Trial 8 pruned.
Trial 8 pruned.
0.24641262390069962
-----------------------PRUNING-----------------------
[I 2021-06-19 15:14:35,545] Trial 9 pruned.
Trial 9 pruned.
0.921966846677262
-----------------------PRUNING-----------------------
[I 2021-06-19 15:14:42,909] Trial 10 pruned.
Trial 10 pruned.
0.0002614629951560909
Iteration: 0, Loss: 2.355175495147705, Accuracy: 25.030000686645508%
Iteration: 269, Loss: 0.09062977880239487, Accuracy: 93.25%
Accuracy of T-shirt/Top: 87.90%
Accuracy of Trouser: 99.60%
Accuracy of Pullover: 90.70%
Accuracy of Dress: 90.40%
Accuracy of Coat: 74.20%
Accuracy of Sandal: 99.10%
Accuracy of Shirt: 89.30%
Accuracy of Sneaker: 96.50%
Accuracy of Bag: 99.20%
Accuracy of Ankle Boot: 97.20%
[I 2021-06-19 15:18:05,326] Trial 11 finished with value: 93.25 and parameters: {'lr': 0.0002614629951560909, 'n_out_sec_lasts': 499, 'dropout_p': 0.4337304964272929, 'batch_size': 380}. Best is trial 11 with value: 93.25.
Trial 11 finished with value: 93.25 and parameters: {'lr': 0.0002614629951560909, 'n_out_sec_lasts': 499, 'dropout_p': 0.4337304964272929, 'batch_size': 380}. Best is trial 11 with value: 93.25.
0.0003187476596923349
Iteration: 0, Loss: 2.338191270828247, Accuracy: 26.110000610351562%
-----------------------PRUNING-----------------------
[I 2021-06-19 15:18:23,761] Trial 12 pruned.
Trial 12 pruned.
0.0015869747604658477
Iteration: 0, Loss: 2.321549654006958, Accuracy: 29.920000076293945%
-----------------------PRUNING-----------------------
[I 2021-06-19 15:19:16,705] Trial 13 pruned.
Trial 13 pruned.
2.6386595122291776e-05
-----------------------PRUNING-----------------------
[I 2021-06-19 15:19:28,858] Trial 14 pruned.
Trial 14 pruned.
0.012471800037448109
-----------------------PRUNING-----------------------
[I 2021-06-19 15:19:40,092] Trial 15 pruned.
Trial 15 pruned.
0.05647671114596271
-----------------------PRUNING-----------------------
[I 2021-06-19 15:19:55,090] Trial 16 pruned.
Trial 16 pruned.
0.0004769298830306737
-----------------------PRUNING-----------------------
[I 2021-06-19 15:20:05,058] Trial 17 pruned.
Trial 17 pruned.
3.358399647089305e-05
-----------------------PRUNING-----------------------
[I 2021-06-19 15:20:14,081] Trial 18 pruned.
Trial 18 pruned.
0.0025278800812057636
Iteration: 0, Loss: 2.3140151500701904, Accuracy: 33.04999923706055%
-----------------------PRUNING-----------------------
[I 2021-06-19 15:21:15,706] Trial 19 pruned.
Trial 19 pruned.
8.844091444190086e-05
Iteration: 0, Loss: 2.347243547439575, Accuracy: 26.239999771118164%
-----------------------PRUNING-----------------------
[I 2021-06-19 15:22:02,696] Trial 20 pruned.
Trial 20 pruned.
0.00033012830104717174
Iteration: 0, Loss: 2.3290793895721436, Accuracy: 42.0099983215332%
Iteration: 259, Loss: 0.1618507206439972, Accuracy: 91.94999694824219%
Accuracy of T-shirt/Top: 90.40%
Accuracy of Trouser: 99.50%
Accuracy of Pullover: 91.30%
Accuracy of Dress: 87.00%
Accuracy of Coat: 90.70%
Accuracy of Sandal: 99.90%
Accuracy of Shirt: 76.10%
Accuracy of Sneaker: 97.10%
Accuracy of Bag: 98.20%
Accuracy of Ankle Boot: 93.30%
[I 2021-06-19 15:26:14,999] Trial 21 finished with value: 91.94999694824219 and parameters: {'lr': 0.00033012830104717174, 'n_out_sec_lasts': 100, 'dropout_p': 0.46550406475608946, 'batch_size': 385}. Best is trial 11 with value: 93.25.
Trial 21 finished with value: 91.94999694824219 and parameters: {'lr': 0.00033012830104717174, 'n_out_sec_lasts': 100, 'dropout_p': 0.46550406475608946, 'batch_size': 385}. Best is trial 11 with value: 93.25.
0.00053242452221607
Iteration: 0, Loss: 2.3560903072357178, Accuracy: 30.34000015258789%
Iteration: 219, Loss: 0.12309931963682175, Accuracy: 92.12999725341797%
Accuracy of T-shirt/Top: 92.90%
Accuracy of Trouser: 99.60%
Accuracy of Pullover: 95.50%
Accuracy of Dress: 88.30%
Accuracy of Coat: 83.10%
Accuracy of Sandal: 99.40%
Accuracy of Shirt: 72.40%
Accuracy of Sneaker: 99.10%
Accuracy of Bag: 97.70%
Accuracy of Ankle Boot: 89.70%
[I 2021-06-19 15:30:28,091] Trial 22 finished with value: 92.12999725341797 and parameters: {'lr': 0.00053242452221607, 'n_out_sec_lasts': 215, 'dropout_p': 0.46041817149101794, 'batch_size': 469}. Best is trial 11 with value: 93.25.
Trial 22 finished with value: 92.12999725341797 and parameters: {'lr': 0.00053242452221607, 'n_out_sec_lasts': 215, 'dropout_p': 0.46041817149101794, 'batch_size': 469}. Best is trial 11 with value: 93.25.
0.0007787743388427359
-----------------------PRUNING-----------------------
[I 2021-06-19 15:30:37,489] Trial 23 pruned.
Trial 23 pruned.
0.005967863597951311
-----------------------PRUNING-----------------------
[I 2021-06-19 15:30:51,815] Trial 24 pruned.
Trial 24 pruned.
9.399270917119324e-06
-----------------------PRUNING-----------------------
[I 2021-06-19 15:31:07,041] Trial 25 pruned.
Trial 25 pruned.
5.210168485414409e-05
-----------------------PRUNING-----------------------
[I 2021-06-19 15:31:25,591] Trial 26 pruned.
Trial 26 pruned.
0.00021440356985382496
Iteration: 0, Loss: 2.3231263160705566, Accuracy: 37.0%
Iteration: 219, Loss: 0.21134237945079803, Accuracy: 90.19999694824219%
Accuracy of T-shirt/Top: 93.80%
Accuracy of Trouser: 98.50%
Accuracy of Pullover: 79.90%
Accuracy of Dress: 90.40%
Accuracy of Coat: 79.30%
Accuracy of Sandal: 96.20%
Accuracy of Shirt: 75.50%
Accuracy of Sneaker: 97.80%
Accuracy of Bag: 97.70%
Accuracy of Ankle Boot: 95.70%
[I 2021-06-19 15:35:55,415] Trial 27 finished with value: 90.19999694824219 and parameters: {'lr': 0.00021440356985382496, 'n_out_sec_lasts': 329, 'dropout_p': 0.4734434695849059, 'batch_size': 458}. Best is trial 11 with value: 93.25.
Trial 27 finished with value: 90.19999694824219 and parameters: {'lr': 0.00021440356985382496, 'n_out_sec_lasts': 329, 'dropout_p': 0.4734434695849059, 'batch_size': 458}. Best is trial 11 with value: 93.25.
0.0007152317258078522
Iteration: 0, Loss: 2.3133089542388916, Accuracy: 37.81999969482422%
-----------------------PRUNING-----------------------
[I 2021-06-19 15:39:26,036] Trial 28 pruned.
Trial 28 pruned.
0.02214024616122712
-----------------------PRUNING-----------------------
[I 2021-06-19 15:39:37,472] Trial 29 pruned.
Trial 29 pruned.
0.002352488872599616
Iteration: 0, Loss: 2.2627193927764893, Accuracy: 44.2400016784668%
-----------------------PRUNING-----------------------
[I 2021-06-19 15:41:37,785] Trial 30 pruned.
Trial 30 pruned.
0.0003603517712196369
-----------------------PRUNING-----------------------
[I 2021-06-19 15:41:48,179] Trial 31 pruned.
Trial 31 pruned.
0.004598740977529345
Iteration: 0, Loss: 2.349215507507324, Accuracy: 32.040000915527344%
-----------------------PRUNING-----------------------
[I 2021-06-19 15:42:38,705] Trial 32 pruned.
Trial 32 pruned.
0.0012851732679300184
Iteration: 0, Loss: 2.368016242980957, Accuracy: 45.349998474121094%
-----------------------PRUNING-----------------------
[I 2021-06-19 15:43:34,806] Trial 33 pruned.
Trial 33 pruned.
0.00019896048095734226
-----------------------PRUNING-----------------------
[I 2021-06-19 15:44:17,918] Trial 34 pruned.
Trial 34 pruned.
6.226877555098965e-05
-----------------------PRUNING-----------------------
[I 2021-06-19 15:44:32,467] Trial 35 pruned.
Trial 35 pruned.
0.0006329789592421641
-----------------------PRUNING-----------------------
[I 2021-06-19 15:44:43,864] Trial 36 pruned.
Trial 36 pruned.
0.00014585414964028386
Iteration: 0, Loss: 2.31107497215271, Accuracy: 33.939998626708984%
-----------------------PRUNING-----------------------
[I 2021-06-19 15:46:33,874] Trial 37 pruned.
Trial 37 pruned.
0.003933468634387967
-----------------------PRUNING-----------------------
[I 2021-06-19 15:48:15,065] Trial 38 pruned.
Trial 38 pruned.
0.00025478887173721343
Iteration: 0, Loss: 2.3479387760162354, Accuracy: 33.619998931884766%
-----------------------PRUNING-----------------------
[I 2021-06-19 15:51:01,019] Trial 39 pruned.
Trial 39 pruned.
0.0012500579929627014
-----------------------PRUNING-----------------------
[I 2021-06-19 15:51:12,403] Trial 40 pruned.
Trial 40 pruned.
0.0001509660649496789
-----------------------PRUNING-----------------------
[I 2021-06-19 15:51:21,694] Trial 41 pruned.
Trial 41 pruned.
0.00045667346501770115
-----------------------PRUNING-----------------------
[I 2021-06-19 15:51:31,225] Trial 42 pruned.
Trial 42 pruned.
2.094055619883308e-05
-----------------------PRUNING-----------------------
[I 2021-06-19 15:51:41,560] Trial 43 pruned.
Trial 43 pruned.
7.882227772405774e-05
-----------------------PRUNING-----------------------
[I 2021-06-19 15:51:52,481] Trial 44 pruned.
Trial 44 pruned.
5.976134624236024e-06
-----------------------PRUNING-----------------------
[I 2021-06-19 15:52:03,623] Trial 45 pruned.
Trial 45 pruned.
0.0003003365970019098
Iteration: 0, Loss: 2.328800916671753, Accuracy: 30.799999237060547%
Iteration: 249, Loss: 0.07816138863563538, Accuracy: 92.02999877929688%
Accuracy of T-shirt/Top: 88.40%
Accuracy of Trouser: 99.20%
Accuracy of Pullover: 89.70%
Accuracy of Dress: 89.90%
Accuracy of Coat: 91.00%
Accuracy of Sandal: 98.90%
Accuracy of Shirt: 85.70%
Accuracy of Sneaker: 97.00%
Accuracy of Bag: 99.30%
Accuracy of Ankle Boot: 97.10%
[I 2021-06-19 15:56:27,271] Trial 46 finished with value: 92.02999877929688 and parameters: {'lr': 0.0003003365970019098, 'n_out_sec_lasts': 412, 'dropout_p': 0.4350398919485715, 'batch_size': 409}. Best is trial 11 with value: 93.25.
Trial 46 finished with value: 92.02999877929688 and parameters: {'lr': 0.0003003365970019098, 'n_out_sec_lasts': 412, 'dropout_p': 0.4350398919485715, 'batch_size': 409}. Best is trial 11 with value: 93.25.
0.000906502824366784
-----------------------PRUNING-----------------------
[I 2021-06-19 15:56:35,605] Trial 47 pruned.
Trial 47 pruned.
0.0020977241354773017
Iteration: 0, Loss: 2.2976067066192627, Accuracy: 40.90999984741211%
-----------------------PRUNING-----------------------
[I 2021-06-19 15:57:36,297] Trial 48 pruned.
Trial 48 pruned.
4.197795032940632e-05
-----------------------PRUNING-----------------------
[I 2021-06-19 15:57:45,587] Trial 49 pruned.
Trial 49 pruned.
0.00035744277513587516
-----------------------PRUNING-----------------------
[I 2021-06-19 15:57:54,100] Trial 50 pruned.
Trial 50 pruned.
0.00021019510582768178
-----------------------PRUNING-----------------------
[I 2021-06-19 15:58:03,114] Trial 51 pruned.
Trial 51 pruned.
0.00010155006384690876
-----------------------PRUNING-----------------------
[I 2021-06-19 15:58:12,321] Trial 52 pruned.
Trial 52 pruned.
0.00029573859852572945
-----------------------PRUNING-----------------------
[I 2021-06-19 15:58:21,544] Trial 53 pruned.
Trial 53 pruned.
0.0004983512938534496
Iteration: 0, Loss: 2.3192694187164307, Accuracy: 40.189998626708984%
-----------------------PRUNING-----------------------
[I 2021-06-19 15:59:41,388] Trial 54 pruned.
Trial 54 pruned.
0.00012072541719454992
Iteration: 0, Loss: 2.3282058238983154, Accuracy: 33.310001373291016%
-----------------------PRUNING-----------------------
[I 2021-06-19 16:00:34,228] Trial 55 pruned.
Trial 55 pruned.
0.0011630881186692678
-----------------------PRUNING-----------------------
[I 2021-06-19 16:00:46,562] Trial 56 pruned.
Trial 56 pruned.
0.00019674260717208314
Iteration: 0, Loss: 2.295184373855591, Accuracy: 32.7400016784668%
-----------------------PRUNING-----------------------
[I 2021-06-19 16:02:07,188] Trial 57 pruned.
Trial 57 pruned.
1.2528352027470165e-06
-----------------------PRUNING-----------------------
[I 2021-06-19 16:02:15,279] Trial 58 pruned.
