Iteration: 0, Loss: 2.385003089904785, Accuracy: 29.200000762939453%
Iteration: 500, Loss: 0.41431254148483276, Accuracy: 88.79000091552734%
Iteration: 999, Loss: 0.2951373755931854, Accuracy: 92.41999816894531%
Accuracy of T-shirt/Top: 97.80%
Accuracy of Trouser: 98.70%
Accuracy of Pullover: 98.20%
Accuracy of Dress: 85.40%
Accuracy of Coat: 74.60%
Accuracy of Sandal: 97.90%
Accuracy of Shirt: 67.10%
Accuracy of Sneaker: 99.80%
Accuracy of Bag: 98.80%
Accuracy of Ankle Boot: 97.10%







------------------------------------------------------------------------------------------------------------------------------------------------------------
(base) C:\Users\thord\OneDrive\DTU\Spring 2021\Machine Learning Operations\dtu_mlops-main\09_crossvalidation_at_scale>python fashion_trainer.py
Using median pruning
[I 2021-06-19 19:06:12,383] A new study created in memory with name: no-name-db764613-c21e-483d-9fd4-66b5d5647621
A new study created in memory with name: no-name-db764613-c21e-483d-9fd4-66b5d5647621
0.0028211329679608483
Iteration: 0, Loss: 2.315747022628784, Accuracy: 38.25%
Iteration: 309, Loss: 0.218629390001297, Accuracy: 87.70999908447266%
Accuracy of T-shirt/Top: 64.20%
Accuracy of Trouser: 98.10%
Accuracy of Pullover: 92.80%
Accuracy of Dress: 89.80%
Accuracy of Coat: 76.00%
Accuracy of Sandal: 97.90%
Accuracy of Shirt: 62.20%
Accuracy of Sneaker: 95.70%
Accuracy of Bag: 98.70%
Accuracy of Ankle Boot: 95.10%
[I 2021-06-19 19:33:10,253] Trial 0 finished with value: 87.70999908447266 and parameters: {'lr': 0.0028211329679608483, 'n_out_sec_lasts': 291, 'dropout_p': 0.6093388141317805, 'batch_size': 328}. Best is trial 0 with value: 87.70999908447266.
Trial 0 finished with value: 87.70999908447266 and parameters: {'lr': 0.0028211329679608483, 'n_out_sec_lasts': 291, 'dropout_p': 0.6093388141317805, 'batch_size': 328}. Best is trial 0 with value: 87.70999908447266.
0.016023726441996906
Iteration: 0, Loss: 2.369264841079712, Accuracy: 15.510000228881836%
Iteration: 500, Loss: 0.4816431701183319, Accuracy: 83.80000305175781%
Iteration: 569, Loss: 0.39557668566703796, Accuracy: 83.62000274658203%
Accuracy of T-shirt/Top: 70.90%
Accuracy of Trouser: 96.80%
Accuracy of Pullover: 82.10%
Accuracy of Dress: 86.00%
Accuracy of Coat: 72.90%
Accuracy of Sandal: 95.20%
Accuracy of Shirt: 57.10%
Accuracy of Sneaker: 93.60%
Accuracy of Bag: 96.90%
Accuracy of Ankle Boot: 96.10%
[I 2021-06-19 19:36:53,078] Trial 1 finished with value: 83.62000274658203 and parameters: {'lr': 0.016023726441996906, 'n_out_sec_lasts': 271, 'dropout_p': 0.5136753053044121, 'batch_size': 176}. Best is trial 0 with value: 87.70999908447266.
Trial 1 finished with value: 83.62000274658203 and parameters: {'lr': 0.016023726441996906, 'n_out_sec_lasts': 271, 'dropout_p': 0.5136753053044121, 'batch_size': 176}. Best is trial 0 with value: 87.70999908447266.
0.47759875740593233
Iteration: 0, Loss: 2.3810744285583496, Accuracy: 10.630000114440918%
Iteration: 500, Loss: 75.50424194335938, Accuracy: 9.899999618530273%
Iteration: 819, Loss: 44.634315490722656, Accuracy: 9.869999885559082%
Accuracy of T-shirt/Top: 0.00%
Accuracy of Trouser: 0.00%
Accuracy of Pullover: 0.00%
Accuracy of Dress: 0.00%
Accuracy of Coat: 99.30%
Accuracy of Sandal: 0.00%
Accuracy of Shirt: 0.00%
Accuracy of Sneaker: 0.00%
Accuracy of Bag: 0.00%
Accuracy of Ankle Boot: 1.30%
[I 2021-06-19 19:40:59,740] Trial 2 finished with value: 9.869999885559082 and parameters: {'lr': 0.47759875740593233, 'n_out_sec_lasts': 181, 'dropout_p': 0.48195118179617225, 'batch_size': 123}. Best is trial 0 with value: 87.70999908447266.
Trial 2 finished with value: 9.869999885559082 and parameters: {'lr': 0.47759875740593233, 'n_out_sec_lasts': 181, 'dropout_p': 0.48195118179617225, 'batch_size': 123}. Best is trial 0 with value: 87.70999908447266.
0.2862668272135302
Iteration: 0, Loss: 2.301115036010742, Accuracy: 12.140000343322754%
Iteration: 429, Loss: 88.7848129272461, Accuracy: 10.039999961853027%
Accuracy of T-shirt/Top: 8.60%
Accuracy of Trouser: 17.60%
Accuracy of Pullover: 0.00%
Accuracy of Dress: 68.00%
Accuracy of Coat: 0.00%
Accuracy of Sandal: 1.80%
Accuracy of Shirt: 3.00%
Accuracy of Sneaker: 0.00%
Accuracy of Bag: 0.00%
Accuracy of Ankle Boot: 0.00%
[I 2021-06-19 19:44:24,770] Trial 3 finished with value: 10.039999961853027 and parameters: {'lr': 0.2862668272135302, 'n_out_sec_lasts': 239, 'dropout_p': 0.33489742498874614, 'batch_size': 233}. Best is trial 0 with value: 87.70999908447266.
Trial 3 finished with value: 10.039999961853027 and parameters: {'lr': 0.2862668272135302, 'n_out_sec_lasts': 239, 'dropout_p': 0.33489742498874614, 'batch_size': 233}. Best is trial 0 with value: 87.70999908447266.
4.271722900058865e-06
Iteration: 0, Loss: 2.316004514694214, Accuracy: 10.380000114440918%
Iteration: 259, Loss: 1.085823893547058, Accuracy: 71.1500015258789%
Accuracy of T-shirt/Top: 76.20%
Accuracy of Trouser: 92.60%
Accuracy of Pullover: 56.20%
Accuracy of Dress: 74.20%
Accuracy of Coat: 63.40%
Accuracy of Sandal: 74.30%
Accuracy of Shirt: 17.70%
Accuracy of Sneaker: 85.00%
Accuracy of Bag: 85.20%
Accuracy of Ankle Boot: 93.00%
[I 2021-06-19 19:47:35,477] Trial 4 finished with value: 71.1500015258789 and parameters: {'lr': 4.271722900058865e-06, 'n_out_sec_lasts': 104, 'dropout_p': 0.3551111634316756, 'batch_size': 385}. Best is trial 0 with value: 87.70999908447266.
Trial 4 finished with value: 71.1500015258789 and parameters: {'lr': 4.271722900058865e-06, 'n_out_sec_lasts': 104, 'dropout_p': 0.3551111634316756, 'batch_size': 385}. Best is trial 0 with value: 87.70999908447266.
1.4098257642647902e-06
-----------------------PRUNING-----------------------
[I 2021-06-19 19:47:42,734] Trial 5 pruned.
Trial 5 pruned.
1.1443437757047597e-06
-----------------------PRUNING-----------------------
[I 2021-06-19 19:47:49,486] Trial 6 pruned.
Trial 6 pruned.
8.50307827201479e-05
Iteration: 0, Loss: 2.3563244342803955, Accuracy: 27.65999984741211%
Iteration: 359, Loss: 0.20695637166500092, Accuracy: 89.26000213623047%
Accuracy of T-shirt/Top: 91.60%
Accuracy of Trouser: 97.90%
Accuracy of Pullover: 84.60%
Accuracy of Dress: 87.50%
Accuracy of Coat: 79.20%
Accuracy of Sandal: 95.90%
Accuracy of Shirt: 68.80%
Accuracy of Sneaker: 96.90%
Accuracy of Bag: 97.80%
Accuracy of Ankle Boot: 95.40%
[I 2021-06-19 19:51:14,768] Trial 7 finished with value: 89.26000213623047 and parameters: {'lr': 8.50307827201479e-05, 'n_out_sec_lasts': 176, 'dropout_p': 0.27674627476078584, 'batch_size': 284}. Best is trial 7 with value: 89.26000213623047.
Trial 7 finished with value: 89.26000213623047 and parameters: {'lr': 8.50307827201479e-05, 'n_out_sec_lasts': 176, 'dropout_p': 0.27674627476078584, 'batch_size': 284}. Best is trial 7 with value: 89.26000213623047.
0.025225816253895077
Iteration: 0, Loss: 2.3506791591644287, Accuracy: 13.9399995803833%
-----------------------PRUNING-----------------------
[I 2021-06-19 19:52:08,172] Trial 8 pruned.
Trial 8 pruned.
0.08009274159842095
-----------------------PRUNING-----------------------
[I 2021-06-19 19:52:15,378] Trial 9 pruned.
Trial 9 pruned.
5.5159931053008614e-05
Iteration: 0, Loss: 2.3338332176208496, Accuracy: 16.200000762939453%
Iteration: 209, Loss: 0.33833232522010803, Accuracy: 86.20999908447266%
Accuracy of T-shirt/Top: 86.10%
Accuracy of Trouser: 96.20%
Accuracy of Pullover: 80.00%
Accuracy of Dress: 90.60%
Accuracy of Coat: 79.80%
Accuracy of Sandal: 95.00%
Accuracy of Shirt: 55.60%
Accuracy of Sneaker: 91.70%
Accuracy of Bag: 96.40%
Accuracy of Ankle Boot: 94.80%
[I 2021-06-19 19:55:23,907] Trial 10 finished with value: 86.20999908447266 and parameters: {'lr': 5.5159931053008614e-05, 'n_out_sec_lasts': 125, 'dropout_p': 0.22972252275007077, 'batch_size': 477}. Best is trial 7 with value: 89.26000213623047.
Trial 10 finished with value: 86.20999908447266 and parameters: {'lr': 5.5159931053008614e-05, 'n_out_sec_lasts': 125, 'dropout_p': 0.22972252275007077, 'batch_size': 477}. Best is trial 7 with value: 89.26000213623047.
0.0007697184934680802
Iteration: 0, Loss: 2.3958382606506348, Accuracy: 28.270000457763672%
Iteration: 309, Loss: 0.21091750264167786, Accuracy: 89.08999633789062%
Accuracy of T-shirt/Top: 85.80%
Accuracy of Trouser: 96.70%
Accuracy of Pullover: 85.40%
Accuracy of Dress: 90.20%
Accuracy of Coat: 77.50%
Accuracy of Sandal: 97.40%
Accuracy of Shirt: 79.00%
Accuracy of Sneaker: 95.10%
Accuracy of Bag: 96.50%
Accuracy of Ankle Boot: 95.40%
[I 2021-06-19 19:58:42,531] Trial 11 finished with value: 89.08999633789062 and parameters: {'lr': 0.0007697184934680802, 'n_out_sec_lasts': 199, 'dropout_p': 0.7932244200450417, 'batch_size': 325}. Best is trial 7 with value: 89.26000213623047.
Trial 11 finished with value: 89.08999633789062 and parameters: {'lr': 0.0007697184934680802, 'n_out_sec_lasts': 199, 'dropout_p': 0.7932244200450417, 'batch_size': 325}. Best is trial 7 with value: 89.26000213623047.
0.0001154261021961919
Iteration: 0, Loss: 2.3500804901123047, Accuracy: 20.0%
Iteration: 269, Loss: 0.31736502051353455, Accuracy: 86.25%
Accuracy of T-shirt/Top: 81.20%
Accuracy of Trouser: 96.40%
Accuracy of Pullover: 75.90%
Accuracy of Dress: 90.20%
Accuracy of Coat: 79.20%
Accuracy of Sandal: 94.00%
Accuracy of Shirt: 64.80%
Accuracy of Sneaker: 94.80%
Accuracy of Bag: 95.60%
Accuracy of Ankle Boot: 94.70%
[I 2021-06-19 20:02:05,509] Trial 12 finished with value: 86.25 and parameters: {'lr': 0.0001154261021961919, 'n_out_sec_lasts': 183, 'dropout_p': 0.7988032393694541, 'batch_size': 371}. Best is trial 7 with value: 89.26000213623047.
Trial 12 finished with value: 86.25 and parameters: {'lr': 0.0001154261021961919, 'n_out_sec_lasts': 183, 'dropout_p': 0.7988032393694541, 'batch_size': 371}. Best is trial 7 with value: 89.26000213623047.
0.000154544881414784
Iteration: 0, Loss: 2.494391441345215, Accuracy: 19.239999771118164%
-----------------------PRUNING-----------------------
[I 2021-06-19 20:02:46,390] Trial 13 pruned.
Trial 13 pruned.
0.0011190943026560818
Iteration: 0, Loss: 2.4097371101379395, Accuracy: 29.229999542236328%
Iteration: 249, Loss: 0.20767153799533844, Accuracy: 88.26000213623047%
Accuracy of T-shirt/Top: 79.20%
Accuracy of Trouser: 99.10%
Accuracy of Pullover: 88.00%
Accuracy of Dress: 90.80%
Accuracy of Coat: 79.40%
Accuracy of Sandal: 98.90%
Accuracy of Shirt: 78.90%
Accuracy of Sneaker: 95.20%
Accuracy of Bag: 98.40%
Accuracy of Ankle Boot: 97.40%
[I 2021-06-19 20:05:58,221] Trial 14 finished with value: 88.26000213623047 and parameters: {'lr': 0.0011190943026560818, 'n_out_sec_lasts': 142, 'dropout_p': 0.7120043600972992, 'batch_size': 403}. Best is trial 7 with value: 89.26000213623047.
Trial 14 finished with value: 88.26000213623047 and parameters: {'lr': 0.0011190943026560818, 'n_out_sec_lasts': 142, 'dropout_p': 0.7120043600972992, 'batch_size': 403}. Best is trial 7 with value: 89.26000213623047.
1.55463456751261e-05
-----------------------PRUNING-----------------------
[I 2021-06-19 20:06:05,177] Trial 15 pruned.
Trial 15 pruned.
0.0004882127291895668
Iteration: 0, Loss: 2.3955636024475098, Accuracy: 28.479999542236328%
Iteration: 299, Loss: 0.13575032353401184, Accuracy: 92.18000030517578%
Accuracy of T-shirt/Top: 94.00%
Accuracy of Trouser: 99.40%
Accuracy of Pullover: 94.40%
Accuracy of Dress: 95.40%
Accuracy of Coat: 67.10%
Accuracy of Sandal: 100.00%
Accuracy of Shirt: 81.90%
Accuracy of Sneaker: 69.60%
Accuracy of Bag: 95.00%
Accuracy of Ankle Boot: 98.50%
[I 2021-06-19 20:09:20,472] Trial 16 finished with value: 92.18000030517578 and parameters: {'lr': 0.0004882127291895668, 'n_out_sec_lasts': 224, 'dropout_p': 0.4273697695800602, 'batch_size': 337}. Best is trial 16 with value: 92.18000030517578.
Trial 16 finished with value: 92.18000030517578 and parameters: {'lr': 0.0004882127291895668, 'n_out_sec_lasts': 224, 'dropout_p': 0.4273697695800602, 'batch_size': 337}. Best is trial 16 with value: 92.18000030517578.
1.787157369129945e-05
-----------------------PRUNING-----------------------
[I 2021-06-19 20:09:27,653] Trial 17 pruned.
Trial 17 pruned.
0.0004766175191322537
Iteration: 0, Loss: 2.325779438018799, Accuracy: 33.7599983215332%
Iteration: 419, Loss: 0.032188981771469116, Accuracy: 92.25%
Accuracy of T-shirt/Top: 93.70%
Accuracy of Trouser: 98.50%
Accuracy of Pullover: 96.30%
Accuracy of Dress: 90.70%
Accuracy of Coat: 86.90%
Accuracy of Sandal: 99.30%
Accuracy of Shirt: 74.60%
Accuracy of Sneaker: 97.60%
Accuracy of Bag: 99.60%
Accuracy of Ankle Boot: 99.00%
[I 2021-06-19 20:13:13,611] Trial 18 finished with value: 92.25 and parameters: {'lr': 0.0004766175191322537, 'n_out_sec_lasts': 443, 'dropout_p': 0.4236445297318315, 'batch_size': 243}. Best is trial 18 with value: 92.25.
Trial 18 finished with value: 92.25 and parameters: {'lr': 0.0004766175191322537, 'n_out_sec_lasts': 443, 'dropout_p': 0.4236445297318315, 'batch_size': 243}. Best is trial 18 with value: 92.25.
0.004249679228742067
-----------------------PRUNING-----------------------
[I 2021-06-19 20:13:20,487] Trial 19 pruned.
Trial 19 pruned.
0.0005247870361796683
Iteration: 0, Loss: 2.2793021202087402, Accuracy: 41.95000076293945%
-----------------------PRUNING-----------------------
[I 2021-06-19 20:15:00,254] Trial 20 pruned.
Trial 20 pruned.
0.0002755207683605655
Iteration: 0, Loss: 2.311326265335083, Accuracy: 32.869998931884766%
Iteration: 299, Loss: 0.1507621705532074, Accuracy: 92.01000213623047%
Accuracy of T-shirt/Top: 84.30%
Accuracy of Trouser: 99.60%
Accuracy of Pullover: 91.10%
Accuracy of Dress: 92.90%
Accuracy of Coat: 85.80%
Accuracy of Sandal: 99.30%
Accuracy of Shirt: 86.60%
Accuracy of Sneaker: 96.50%
Accuracy of Bag: 99.30%
Accuracy of Ankle Boot: 98.20%
[I 2021-06-19 20:18:42,575] Trial 21 finished with value: 92.01000213623047 and parameters: {'lr': 0.0002755207683605655, 'n_out_sec_lasts': 226, 'dropout_p': 0.408890062329109, 'batch_size': 336}. Best is trial 18 with value: 92.25.
Trial 21 finished with value: 92.01000213623047 and parameters: {'lr': 0.0002755207683605655, 'n_out_sec_lasts': 226, 'dropout_p': 0.408890062329109, 'batch_size': 336}. Best is trial 18 with value: 92.25.
0.003574803525667074
Iteration: 0, Loss: 2.3394792079925537, Accuracy: 35.29999923706055%
-----------------------PRUNING-----------------------
[I 2021-06-19 20:19:25,414] Trial 22 pruned.
Trial 22 pruned.
0.00032900127498399547
Iteration: 0, Loss: 2.2808942794799805, Accuracy: 32.970001220703125%
Iteration: 229, Loss: 0.22504061460494995, Accuracy: 92.08000183105469%
Accuracy of T-shirt/Top: 93.70%
Accuracy of Trouser: 98.90%
Accuracy of Pullover: 85.90%
Accuracy of Dress: 89.70%
Accuracy of Coat: 51.80%
Accuracy of Sandal: 82.40%
Accuracy of Shirt: 89.30%
Accuracy of Sneaker: 99.30%
Accuracy of Bag: 98.00%
Accuracy of Ankle Boot: 94.70%
[I 2021-06-19 20:23:01,053] Trial 23 finished with value: 92.08000183105469 and parameters: {'lr': 0.00032900127498399547, 'n_out_sec_lasts': 295, 'dropout_p': 0.3659616840310831, 'batch_size': 441}. Best is trial 18 with value: 92.25.
Trial 23 finished with value: 92.08000183105469 and parameters: {'lr': 0.00032900127498399547, 'n_out_sec_lasts': 295, 'dropout_p': 0.3659616840310831, 'batch_size': 441}. Best is trial 18 with value: 92.25.
0.0013745438762859852
-----------------------PRUNING-----------------------
[I 2021-06-19 20:23:08,283] Trial 24 pruned.
Trial 24 pruned.
4.310256868891796e-05
-----------------------PRUNING-----------------------
[I 2021-06-19 20:23:15,768] Trial 25 pruned.
Trial 25 pruned.
0.0003265663583566247
Iteration: 0, Loss: 2.353431463241577, Accuracy: 35.9900016784668%
Iteration: 229, Loss: 0.050498124212026596, Accuracy: 91.95999908447266%
Accuracy of T-shirt/Top: 91.00%
Accuracy of Trouser: 99.00%
Accuracy of Pullover: 87.80%
Accuracy of Dress: 95.00%
Accuracy of Coat: 78.70%
Accuracy of Sandal: 85.40%
Accuracy of Shirt: 88.00%
Accuracy of Sneaker: 96.40%
Accuracy of Bag: 97.70%
Accuracy of Ankle Boot: 98.60%
[I 2021-06-19 20:27:54,479] Trial 26 finished with value: 91.95999908447266 and parameters: {'lr': 0.0003265663583566247, 'n_out_sec_lasts': 324, 'dropout_p': 0.26699868390851766, 'batch_size': 451}. Best is trial 18 with value: 92.25.
Trial 26 finished with value: 91.95999908447266 and parameters: {'lr': 0.0003265663583566247, 'n_out_sec_lasts': 324, 'dropout_p': 0.26699868390851766, 'batch_size': 451}. Best is trial 18 with value: 92.25.
2.301444719477848e-05
-----------------------PRUNING-----------------------
[I 2021-06-19 20:28:02,820] Trial 27 pruned.
Trial 27 pruned.
0.0057105709679469265
Iteration: 0, Loss: 2.3450067043304443, Accuracy: 36.63999938964844%
-----------------------PRUNING-----------------------
[I 2021-06-19 20:28:37,015] Trial 28 pruned.
Trial 28 pruned.
0.009805579410249834
-----------------------PRUNING-----------------------
[I 2021-06-19 20:28:46,450] Trial 29 pruned.
Trial 29 pruned.
0.0020705199675113265
Iteration: 0, Loss: 2.3164544105529785, Accuracy: 33.650001525878906%
-----------------------PRUNING-----------------------
[I 2021-06-19 20:29:26,143] Trial 30 pruned.
Trial 30 pruned.
0.00029612992506688877
Iteration: 0, Loss: 2.324415445327759, Accuracy: 32.189998626708984%
Iteration: 299, Loss: 0.08743894845247269, Accuracy: 91.29000091552734%
Accuracy of T-shirt/Top: 77.20%
Accuracy of Trouser: 99.40%
Accuracy of Pullover: 89.60%
Accuracy of Dress: 92.80%
Accuracy of Coat: 72.20%
Accuracy of Sandal: 99.60%
Accuracy of Shirt: 93.70%
Accuracy of Sneaker: 96.10%
Accuracy of Bag: 99.10%
Accuracy of Ankle Boot: 98.10%
[I 2021-06-19 20:33:01,282] Trial 31 finished with value: 91.29000091552734 and parameters: {'lr': 0.00029612992506688877, 'n_out_sec_lasts': 288, 'dropout_p': 0.38840338722535805, 'batch_size': 340}. Best is trial 18 with value: 92.25.
Trial 31 finished with value: 91.29000091552734 and parameters: {'lr': 0.00029612992506688877, 'n_out_sec_lasts': 288, 'dropout_p': 0.38840338722535805, 'batch_size': 340}. Best is trial 18 with value: 92.25.
0.00025481414691623397
Iteration: 0, Loss: 2.334935426712036, Accuracy: 30.450000762939453%
Iteration: 500, Loss: 0.19113095104694366, Accuracy: 93.02999877929688%
Iteration: 529, Loss: 0.005813003983348608, Accuracy: 93.02999877929688%
Accuracy of T-shirt/Top: 88.40%
Accuracy of Trouser: 99.40%
Accuracy of Pullover: 88.50%
Accuracy of Dress: 91.60%
Accuracy of Coat: 98.30%
Accuracy of Sandal: 99.60%
Accuracy of Shirt: 53.20%
Accuracy of Sneaker: 97.00%
Accuracy of Bag: 99.70%
Accuracy of Ankle Boot: 99.00%
[I 2021-06-19 20:37:08,894] Trial 32 finished with value: 93.02999877929688 and parameters: {'lr': 0.00025481414691623397, 'n_out_sec_lasts': 220, 'dropout_p': 0.4104170004751527, 'batch_size': 192}. Best is trial 32 with value: 93.02999877929688.
Trial 32 finished with value: 93.02999877929688 and parameters: {'lr': 0.00025481414691623397, 'n_out_sec_lasts': 220, 'dropout_p': 0.4104170004751527, 'batch_size': 192}. Best is trial 32 with value: 93.02999877929688.
0.0006641283601101042
Iteration: 0, Loss: 2.3272852897644043, Accuracy: 35.59000015258789%
-----------------------PRUNING-----------------------
[I 2021-06-19 20:38:11,625] Trial 33 pruned.
Trial 33 pruned.
0.00016262757028387745
-----------------------PRUNING-----------------------
[I 2021-06-19 20:38:19,310] Trial 34 pruned.
Trial 34 pruned.
0.0018446348672983767
Iteration: 0, Loss: 2.3001437187194824, Accuracy: 34.56999969482422%
-----------------------PRUNING-----------------------
[I 2021-06-19 20:38:47,874] Trial 35 pruned.
Trial 35 pruned.
4.265023782800809e-06
-----------------------PRUNING-----------------------
[I 2021-06-19 20:38:55,319] Trial 36 pruned.
Trial 36 pruned.
0.00042221249453744224
Iteration: 0, Loss: 2.325496196746826, Accuracy: 34.47999954223633%
Iteration: 479, Loss: 0.10291901230812073, Accuracy: 91.66000366210938%
Accuracy of T-shirt/Top: 93.10%
Accuracy of Trouser: 99.00%
Accuracy of Pullover: 86.20%
Accuracy of Dress: 96.50%
Accuracy of Coat: 95.40%
Accuracy of Sandal: 97.30%
Accuracy of Shirt: 84.30%
Accuracy of Sneaker: 99.70%
Accuracy of Bag: 99.80%
Accuracy of Ankle Boot: 95.60%
[I 2021-06-19 20:43:03,348] Trial 37 finished with value: 91.66000366210938 and parameters: {'lr': 0.00042221249453744224, 'n_out_sec_lasts': 342, 'dropout_p': 0.3622984453168951, 'batch_size': 210}. Best is trial 32 with value: 93.02999877929688.
Trial 37 finished with value: 91.66000366210938 and parameters: {'lr': 0.00042221249453744224, 'n_out_sec_lasts': 342, 'dropout_p': 0.3622984453168951, 'batch_size': 210}. Best is trial 32 with value: 93.02999877929688.
5.097853516364488e-05
-----------------------PRUNING-----------------------
[I 2021-06-19 20:43:10,969] Trial 38 pruned.
Trial 38 pruned.
7.072539747788082e-06
-----------------------PRUNING-----------------------
[I 2021-06-19 20:43:18,000] Trial 39 pruned.
Trial 39 pruned.
0.01593567346818954
-----------------------PRUNING-----------------------
[I 2021-06-19 20:43:25,207] Trial 40 pruned.
Trial 40 pruned.
0.00029430158093127467
-----------------------PRUNING-----------------------
[I 2021-06-19 20:43:32,679] Trial 41 pruned.
Trial 41 pruned.
0.0002009469424840212
Iteration: 0, Loss: 2.3280446529388428, Accuracy: 37.58000183105469%
Iteration: 339, Loss: 0.02894878387451172, Accuracy: 92.94000244140625%
Accuracy of T-shirt/Top: 91.10%
Accuracy of Trouser: 99.30%
Accuracy of Pullover: 91.30%
Accuracy of Dress: 93.30%
Accuracy of Coat: 90.20%
Accuracy of Sandal: 99.70%
Accuracy of Shirt: 79.60%
Accuracy of Sneaker: 96.30%
Accuracy of Bag: 99.20%
Accuracy of Ankle Boot: 97.90%
[I 2021-06-19 20:47:16,761] Trial 42 finished with value: 92.94000244140625 and parameters: {'lr': 0.0002009469424840212, 'n_out_sec_lasts': 242, 'dropout_p': 0.33178958024605887, 'batch_size': 302}. Best is trial 32 with value: 93.02999877929688.
