Trial 58 pruned.
0.008258868423199098
Iteration: 0, Loss: 2.330559015274048, Accuracy: 35.939998626708984%
-----------------------PRUNING-----------------------
[I 2021-06-19 16:03:24,320] Trial 59 pruned.
Trial 59 pruned.